<?xml version="1.0" encoding="UTF-8"?>
<testsuite name="com.logitopia.jmortar.core.test.AbstractUnitTestExecutePrivateMethodUnitTest" tests="3" skipped="0" failures="0" errors="0" timestamp="2019-06-07T14:19:04" hostname="DESKTOP-2PUINBP" time="0.006">
  <properties/>
  <testcase name="testInvalidParameterOnPrivateMethod" classname="com.logitopia.jmortar.core.test.AbstractUnitTestExecutePrivateMethodUnitTest" time="0.006"/>
  <testcase name="testBasicSuccess" classname="com.logitopia.jmortar.core.test.AbstractUnitTestExecutePrivateMethodUnitTest" time="0.0"/>
  <testcase name="testMissingPrivateMethod" classname="com.logitopia.jmortar.core.test.AbstractUnitTestExecutePrivateMethodUnitTest" time="0.0"/>
  <system-out><![CDATA[]]></system-out>
  <system-err><![CDATA[]]></system-err>
</testsuite>
