<?xml version="1.0" encoding="UTF-8"?>
<testsuite name="com.logitopia.jmortar.core.test.AbstractUnitTestExecutePrivateMethodUnitTest" tests="3" skipped="0" failures="0" errors="0" timestamp="2018-01-16T20:25:02" hostname="DESKTOP-2PUINBP" time="0.052">
  <properties/>
  <testcase name="testInvalidParameterOnPrivateMethod" classname="com.logitopia.jmortar.core.test.AbstractUnitTestExecutePrivateMethodUnitTest" time="0.051"/>
  <testcase name="testBasicSuccess" classname="com.logitopia.jmortar.core.test.AbstractUnitTestExecutePrivateMethodUnitTest" time="0.0"/>
  <testcase name="testMissingPrivateMethod" classname="com.logitopia.jmortar.core.test.AbstractUnitTestExecutePrivateMethodUnitTest" time="0.0"/>
  <system-out><![CDATA[]]></system-out>
  <system-err><![CDATA[]]></system-err>
</testsuite>
